\BOOKMARK [0][-]{chapter.1}{\376\377\0001\000\040\000N\000a\000m\000e\000s\000p\000a\000c\000e\000\040\000I\000n\000d\000e\000x}{}% 1
\BOOKMARK [1][-]{section.1.1}{\376\377\0001\000.\0001\000\040\000N\000a\000m\000e\000s\000p\000a\000c\000e\000\040\000L\000i\000s\000t}{chapter.1}% 2
\BOOKMARK [0][-]{chapter.2}{\376\377\0002\000\040\000C\000l\000a\000s\000s\000\040\000I\000n\000d\000e\000x}{}% 3
\BOOKMARK [1][-]{section.2.1}{\376\377\0002\000.\0001\000\040\000C\000l\000a\000s\000s\000\040\000L\000i\000s\000t}{chapter.2}% 4
\BOOKMARK [0][-]{chapter.3}{\376\377\0003\000\040\000N\000a\000m\000e\000s\000p\000a\000c\000e\000\040\000D\000o\000c\000u\000m\000e\000n\000t\000a\000t\000i\000o\000n}{}% 5
\BOOKMARK [1][-]{section.3.1}{\376\377\0003\000.\0001\000\040\000o\000s\000t\000e\000n\000d\000o\000\040\000N\000a\000m\000e\000s\000p\000a\000c\000e\000\040\000R\000e\000f\000e\000r\000e\000n\000c\000e}{chapter.3}% 6
\BOOKMARK [2][-]{subsection.3.1.1}{\376\377\0003\000.\0001\000.\0001\000\040\000D\000e\000t\000a\000i\000l\000e\000d\000\040\000D\000e\000s\000c\000r\000i\000p\000t\000i\000o\000n}{section.3.1}% 7
\BOOKMARK [2][-]{subsection.3.1.2}{\376\377\0003\000.\0001\000.\0002\000\040\000E\000n\000u\000m\000e\000r\000a\000t\000i\000o\000n\000\040\000T\000y\000p\000e\000\040\000D\000o\000c\000u\000m\000e\000n\000t\000a\000t\000i\000o\000n}{section.3.1}% 8
\BOOKMARK [3][-]{subsubsection.3.1.2.1}{\376\377\0003\000.\0001\000.\0002\000.\0001\000\040\000A\000T\000T\000R\000S}{subsection.3.1.2}% 9
\BOOKMARK [3][-]{subsubsection.3.1.2.2}{\376\377\0003\000.\0001\000.\0002\000.\0002\000\040\000V\000a\000r\000T\000y\000p\000e}{subsection.3.1.2}% 10
\BOOKMARK [3][-]{subsubsection.3.1.2.3}{\376\377\0003\000.\0001\000.\0002\000.\0003\000\040\000W\000I\000N\000D\000O\000W\000P\000A\000R\000T\000S}{subsection.3.1.2}% 11
\BOOKMARK [2][-]{subsection.3.1.3}{\376\377\0003\000.\0001\000.\0003\000\040\000F\000u\000n\000c\000t\000i\000o\000n\000\040\000D\000o\000c\000u\000m\000e\000n\000t\000a\000t\000i\000o\000n}{section.3.1}% 12
\BOOKMARK [3][-]{subsubsection.3.1.3.1}{\376\377\0003\000.\0001\000.\0003\000.\0001\000\040\000A\000d\000d\000\050\000V\000a\000r\000\040\000i\000n\000v\000a\000r\000,\000\040\000i\000n\000t\000\040\000c\000h\000,\000\040\000W\000i\000n\000d\000o\000w\000\040\000w\000i\000n\000\051}{subsection.3.1.3}% 13
\BOOKMARK [3][-]{subsubsection.3.1.3.2}{\376\377\0003\000.\0001\000.\0003\000.\0002\000\040\000B\000a\000c\000k\000s\000p\000a\000c\000e\000\050\000V\000a\000r\000\040\000i\000n\000v\000a\000r\000,\000\040\000W\000i\000n\000d\000o\000w\000\040\000w\000i\000n\000\051}{subsection.3.1.3}% 14
\BOOKMARK [3][-]{subsubsection.3.1.3.3}{\376\377\0003\000.\0001\000.\0003\000.\0003\000\040\000D\000i\000s\000p\000l\000a\000y\000L\000i\000n\000e\000s\000\050\000o\000s\000t\000e\000n\000d\000o\000:\000:\000W\000i\000n\000d\000o\000w\000\040\000w\000i\000n\000,\000\040\000s\000t\000d\000:\000:\000v\000e\000c\000t\000o\000r\000<\000\040\000s\000t\000d\000:\000:\000s\000t\000r\000i\000n\000g\000\040\000>\000\040\000l\000i\000n\000e\000s\000,\000\040\000i\000n\000t\000\040\000c\000u\000r\000r\000e\000n\000t\000l\000i\000n\000e\000,\000\040\000i\000n\000t\000\040\000s\000t\000a\000r\000t\000l\000i\000n\000e\000\051}{subsection.3.1.3}% 15
\BOOKMARK [3][-]{subsubsection.3.1.3.4}{\376\377\0003\000.\0001\000.\0003\000.\0004\000\040\000D\000o\000w\000n\000A\000r\000r\000o\000w\000\050\000V\000a\000r\000\040\000i\000n\000v\000a\000r\000,\000\040\000W\000i\000n\000d\000o\000w\000\040\000w\000i\000n\000\051}{subsection.3.1.3}% 16
\BOOKMARK [3][-]{subsubsection.3.1.3.5}{\376\377\0003\000.\0001\000.\0003\000.\0005\000\040\000E\000n\000t\000e\000r\000\050\000V\000a\000r\000\040\000i\000n\000v\000a\000r\000,\000\040\000W\000i\000n\000d\000o\000w\000\040\000w\000i\000n\000\051}{subsection.3.1.3}% 17
\BOOKMARK [3][-]{subsubsection.3.1.3.6}{\376\377\0003\000.\0001\000.\0003\000.\0006\000\040\000F\000o\000r\000m\000\050\000o\000s\000t\000e\000n\000d\000o\000:\000:\000W\000i\000n\000d\000o\000w\000\040\000w\000i\000n\000,\000\040\000s\000t\000d\000:\000:\000v\000e\000c\000t\000o\000r\000<\000\040\000V\000a\000r\000\040\000>\000\040\000f\000i\000e\000l\000d\000s\000\051}{subsection.3.1.3}% 18
\BOOKMARK [3][-]{subsubsection.3.1.3.7}{\376\377\0003\000.\0001\000.\0003\000.\0007\000\040\000G\000e\000t\000V\000a\000r\000S\000t\000r\000\050\000V\000a\000r\000\040\000i\000n\000v\000a\000r\000,\000\040\000i\000n\000t\000\040\000w\000i\000d\000t\000h\000\051}{subsection.3.1.3}% 19
\BOOKMARK [3][-]{subsubsection.3.1.3.8}{\376\377\0003\000.\0001\000.\0003\000.\0008\000\040\000I\000n\000i\000t\000O\000s\000t\000e\000n\000d\000o\000\050\000b\000o\000o\000l\000\040\000c\000o\000l\000o\000r\000=\000f\000a\000l\000s\000e\000,\000\040\000i\000n\000t\000\040\000t\000i\000m\000e\000o\000u\000t\000=\000-\0001\000\051}{subsection.3.1.3}% 20
\BOOKMARK [3][-]{subsubsection.3.1.3.9}{\376\377\0003\000.\0001\000.\0003\000.\0009\000\040\000I\000n\000i\000t\000W\000i\000n\000d\000o\000w\000\050\000s\000t\000d\000:\000:\000s\000t\000r\000i\000n\000g\000\040\000n\000a\000m\000e\000\051}{subsection.3.1.3}% 21
\BOOKMARK [3][-]{subsubsection.3.1.3.10}{\376\377\0003\000.\0001\000.\0003\000.\0001\0000\000\040\000I\000n\000i\000t\000W\000i\000n\000d\000o\000w\000\050\000s\000t\000d\000:\000:\000s\000t\000r\000i\000n\000g\000\040\000n\000a\000m\000e\000,\000\040\000i\000n\000t\000\040\000w\000i\000d\000t\000h\000,\000\040\000i\000n\000t\000\040\000h\000e\000i\000g\000h\000t\000\051}{subsection.3.1.3}% 22
\BOOKMARK [3][-]{subsubsection.3.1.3.11}{\376\377\0003\000.\0001\000.\0003\000.\0001\0001\000\040\000I\000n\000i\000t\000W\000i\000n\000d\000o\000w\000\050\000s\000t\000d\000:\000:\000s\000t\000r\000i\000n\000g\000\040\000n\000a\000m\000e\000,\000\040\000i\000n\000t\000\040\000w\000i\000d\000t\000h\000,\000\040\000i\000n\000t\000\040\000h\000e\000i\000g\000h\000t\000,\000\040\000i\000n\000t\000\040\000x\000,\000\040\000i\000n\000t\000\040\000y\000\051}{subsection.3.1.3}% 23
\BOOKMARK [3][-]{subsubsection.3.1.3.12}{\376\377\0003\000.\0001\000.\0003\000.\0001\0002\000\040\000L\000e\000f\000t\000A\000r\000r\000o\000w\000\050\000V\000a\000r\000\040\000i\000n\000v\000a\000r\000,\000\040\000W\000i\000n\000d\000o\000w\000\040\000w\000i\000n\000\051}{subsection.3.1.3}% 24
\BOOKMARK [3][-]{subsubsection.3.1.3.13}{\376\377\0003\000.\0001\000.\0003\000.\0001\0003\000\040\000L\000o\000a\000d\000C\000o\000l\000o\000r\000s\000\050\000\051}{subsection.3.1.3}% 25
\BOOKMARK [3][-]{subsubsection.3.1.3.14}{\376\377\0003\000.\0001\000.\0003\000.\0001\0004\000\040\000m\000a\000k\000e\000p\000o\000s\000\050\000i\000n\000t\000\040\000x\000,\000\040\000i\000n\000t\000\040\000y\000,\000\040\000i\000n\000t\000\040\000w\000,\000\040\000i\000n\000t\000\040\000h\000\051}{subsection.3.1.3}% 26
\BOOKMARK [3][-]{subsubsection.3.1.3.15}{\376\377\0003\000.\0001\000.\0003\000.\0001\0005\000\040\000m\000a\000k\000e\000p\000o\000s\000\050\000i\000n\000t\000\040\000x\000,\000\040\000i\000n\000t\000\040\000y\000\051}{subsection.3.1.3}% 27
\BOOKMARK [3][-]{subsubsection.3.1.3.16}{\376\377\0003\000.\0001\000.\0003\000.\0001\0006\000\040\000M\000e\000n\000u\000\050\000o\000s\000t\000e\000n\000d\000o\000:\000:\000W\000i\000n\000d\000o\000w\000\040\000w\000i\000n\000,\000\040\000s\000t\000d\000:\000:\000v\000e\000c\000t\000o\000r\000<\000\040\000s\000t\000d\000:\000:\000s\000t\000r\000i\000n\000g\000\040\000>\000\040\000o\000p\000t\000i\000o\000n\000s\000\051}{subsection.3.1.3}% 28
\BOOKMARK [3][-]{subsubsection.3.1.3.17}{\376\377\0003\000.\0001\000.\0003\000.\0001\0007\000\040\000R\000i\000g\000h\000t\000A\000r\000r\000o\000w\000\050\000V\000a\000r\000\040\000i\000n\000v\000a\000r\000,\000\040\000W\000i\000n\000d\000o\000w\000\040\000w\000i\000n\000\051}{subsection.3.1.3}% 29
\BOOKMARK [3][-]{subsubsection.3.1.3.18}{\376\377\0003\000.\0001\000.\0003\000.\0001\0008\000\040\000T\000e\000r\000m\000O\000s\000t\000e\000n\000d\000o\000\050\000\051}{subsection.3.1.3}% 30
\BOOKMARK [3][-]{subsubsection.3.1.3.19}{\376\377\0003\000.\0001\000.\0003\000.\0001\0009\000\040\000T\000e\000r\000m\000W\000i\000n\000d\000o\000w\000\050\000s\000t\000d\000:\000:\000s\000t\000r\000i\000n\000g\000\040\000n\000a\000m\000e\000\051}{subsection.3.1.3}% 31
\BOOKMARK [3][-]{subsubsection.3.1.3.20}{\376\377\0003\000.\0001\000.\0003\000.\0002\0000\000\040\000T\000e\000x\000t\000B\000o\000x\000\050\000o\000s\000t\000e\000n\000d\000o\000:\000:\000W\000i\000n\000d\000o\000w\000\040\000w\000i\000n\000,\000\040\000s\000t\000d\000:\000:\000s\000t\000r\000i\000n\000g\000\040\000b\000a\000s\000e\000=\000"\000"\000\051}{subsection.3.1.3}% 32
\BOOKMARK [3][-]{subsubsection.3.1.3.21}{\376\377\0003\000.\0001\000.\0003\000.\0002\0001\000\040\000T\000e\000x\000t\000B\000o\000x\000\050\000o\000s\000t\000e\000n\000d\000o\000:\000:\000W\000i\000n\000d\000o\000w\000\040\000w\000i\000n\000,\000\040\000s\000t\000d\000:\000:\000v\000e\000c\000t\000o\000r\000<\000\040\000s\000t\000d\000:\000:\000s\000t\000r\000i\000n\000g\000\040\000>\000\040\000b\000a\000s\000e\000\051}{subsection.3.1.3}% 33
\BOOKMARK [3][-]{subsubsection.3.1.3.22}{\376\377\0003\000.\0001\000.\0003\000.\0002\0002\000\040\000U\000p\000A\000r\000r\000o\000w\000\050\000V\000a\000r\000\040\000i\000n\000v\000a\000r\000,\000\040\000W\000i\000n\000d\000o\000w\000\040\000w\000i\000n\000\051}{subsection.3.1.3}% 34
\BOOKMARK [3][-]{subsubsection.3.1.3.23}{\376\377\0003\000.\0001\000.\0003\000.\0002\0003\000\040\000V\000T\000e\000x\000t\000B\000o\000x\000\050\000o\000s\000t\000e\000n\000d\000o\000:\000:\000W\000i\000n\000d\000o\000w\000\040\000w\000i\000n\000,\000\040\000s\000t\000d\000:\000:\000s\000t\000r\000i\000n\000g\000\040\000b\000a\000s\000e\000=\000"\000"\000\051}{subsection.3.1.3}% 35
\BOOKMARK [3][-]{subsubsection.3.1.3.24}{\376\377\0003\000.\0001\000.\0003\000.\0002\0004\000\040\000V\000T\000e\000x\000t\000B\000o\000x\000\050\000o\000s\000t\000e\000n\000d\000o\000:\000:\000W\000i\000n\000d\000o\000w\000\040\000w\000i\000n\000,\000\040\000s\000t\000d\000:\000:\000v\000e\000c\000t\000o\000r\000<\000\040\000s\000t\000d\000:\000:\000s\000t\000r\000i\000n\000g\000\040\000>\000\040\000b\000a\000s\000e\000\051}{subsection.3.1.3}% 36
\BOOKMARK [2][-]{subsection.3.1.4}{\376\377\0003\000.\0001\000.\0004\000\040\000V\000a\000r\000i\000a\000b\000l\000e\000\040\000D\000o\000c\000u\000m\000e\000n\000t\000a\000t\000i\000o\000n}{section.3.1}% 37
\BOOKMARK [3][-]{subsubsection.3.1.4.1}{\376\377\0003\000.\0001\000.\0004\000.\0001\000\040\000c\000o\000l\000o\000r\000i\000n\000i\000t}{subsection.3.1.4}% 38
\BOOKMARK [3][-]{subsubsection.3.1.4.2}{\376\377\0003\000.\0001\000.\0004\000.\0002\000\040\000s\000t\000d\000s\000c\000r}{subsection.3.1.4}% 39
\BOOKMARK [3][-]{subsubsection.3.1.4.3}{\376\377\0003\000.\0001\000.\0004\000.\0003\000\040\000w\000i\000n\000i\000n\000d\000e\000x}{subsection.3.1.4}% 40
\BOOKMARK [3][-]{subsubsection.3.1.4.4}{\376\377\0003\000.\0001\000.\0004\000.\0004\000\040\000w\000i\000n\000d\000o\000w\000s}{subsection.3.1.4}% 41
\BOOKMARK [0][-]{chapter.4}{\376\377\0004\000\040\000C\000l\000a\000s\000s\000\040\000D\000o\000c\000u\000m\000e\000n\000t\000a\000t\000i\000o\000n}{}% 42
\BOOKMARK [1][-]{section.4.1}{\376\377\0004\000.\0001\000\040\000o\000s\000t\000e\000n\000d\000o\000:\000:\000P\000o\000s\000\040\000S\000t\000r\000u\000c\000t\000\040\000R\000e\000f\000e\000r\000e\000n\000c\000e}{chapter.4}% 43
\BOOKMARK [2][-]{subsection.4.1.1}{\376\377\0004\000.\0001\000.\0001\000\040\000D\000e\000t\000a\000i\000l\000e\000d\000\040\000D\000e\000s\000c\000r\000i\000p\000t\000i\000o\000n}{section.4.1}% 44
\BOOKMARK [2][-]{subsection.4.1.2}{\376\377\0004\000.\0001\000.\0002\000\040\000C\000o\000n\000s\000t\000r\000u\000c\000t\000o\000r\000\040\000\046\000\040\000D\000e\000s\000t\000r\000u\000c\000t\000o\000r\000\040\000D\000o\000c\000u\000m\000e\000n\000t\000a\000t\000i\000o\000n}{section.4.1}% 45
\BOOKMARK [3][-]{subsubsection.4.1.2.1}{\376\377\0004\000.\0001\000.\0002\000.\0001\000\040\000P\000o\000s\000\050\000\051}{subsection.4.1.2}% 46
\BOOKMARK [3][-]{subsubsection.4.1.2.2}{\376\377\0004\000.\0001\000.\0002\000.\0002\000\040\000P\000o\000s\000\050\000i\000n\000t\000\040\000v\000a\000l\000u\000e\000x\000,\000\040\000i\000n\000t\000\040\000v\000a\000l\000u\000e\000y\000\051}{subsection.4.1.2}% 47
\BOOKMARK [3][-]{subsubsection.4.1.2.3}{\376\377\0004\000.\0001\000.\0002\000.\0003\000\040\000P\000o\000s\000\050\000i\000n\000t\000\040\000v\000a\000l\000u\000e\000x\000,\000\040\000i\000n\000t\000\040\000v\000a\000l\000u\000e\000y\000,\000\040\000i\000n\000t\000\040\000v\000a\000l\000u\000e\000w\000,\000\040\000i\000n\000t\000\040\000v\000a\000l\000u\000e\000h\000\051}{subsection.4.1.2}% 48
\BOOKMARK [2][-]{subsection.4.1.3}{\376\377\0004\000.\0001\000.\0003\000\040\000M\000e\000m\000b\000e\000r\000\040\000D\000a\000t\000a\000\040\000D\000o\000c\000u\000m\000e\000n\000t\000a\000t\000i\000o\000n}{section.4.1}% 49
\BOOKMARK [3][-]{subsubsection.4.1.3.1}{\376\377\0004\000.\0001\000.\0003\000.\0001\000\040\000h}{subsection.4.1.3}% 50
\BOOKMARK [3][-]{subsubsection.4.1.3.2}{\376\377\0004\000.\0001\000.\0003\000.\0002\000\040\000w}{subsection.4.1.3}% 51
\BOOKMARK [3][-]{subsubsection.4.1.3.3}{\376\377\0004\000.\0001\000.\0003\000.\0003\000\040\000x}{subsection.4.1.3}% 52
\BOOKMARK [3][-]{subsubsection.4.1.3.4}{\376\377\0004\000.\0001\000.\0003\000.\0004\000\040\000y}{subsection.4.1.3}% 53
\BOOKMARK [1][-]{section.4.2}{\376\377\0004\000.\0002\000\040\000o\000s\000t\000e\000n\000d\000o\000:\000:\000V\000a\000r\000\040\000S\000t\000r\000u\000c\000t\000\040\000R\000e\000f\000e\000r\000e\000n\000c\000e}{chapter.4}% 54
\BOOKMARK [2][-]{subsection.4.2.1}{\376\377\0004\000.\0002\000.\0001\000\040\000D\000e\000t\000a\000i\000l\000e\000d\000\040\000D\000e\000s\000c\000r\000i\000p\000t\000i\000o\000n}{section.4.2}% 55
\BOOKMARK [2][-]{subsection.4.2.2}{\376\377\0004\000.\0002\000.\0002\000\040\000C\000o\000n\000s\000t\000r\000u\000c\000t\000o\000r\000\040\000\046\000\040\000D\000e\000s\000t\000r\000u\000c\000t\000o\000r\000\040\000D\000o\000c\000u\000m\000e\000n\000t\000a\000t\000i\000o\000n}{section.4.2}% 56
\BOOKMARK [3][-]{subsubsection.4.2.2.1}{\376\377\0004\000.\0002\000.\0002\000.\0001\000\040\000V\000a\000r\000\050\000\051}{subsection.4.2.2}% 57
\BOOKMARK [3][-]{subsubsection.4.2.2.2}{\376\377\0004\000.\0002\000.\0002\000.\0002\000\040\000V\000a\000r\000\050\000i\000n\000t\000\040\000v\000a\000l\000u\000e\000\051}{subsection.4.2.2}% 58
\BOOKMARK [3][-]{subsubsection.4.2.2.3}{\376\377\0004\000.\0002\000.\0002\000.\0003\000\040\000V\000a\000r\000\050\000d\000o\000u\000b\000l\000e\000\040\000v\000a\000l\000u\000e\000\051}{subsection.4.2.2}% 59
\BOOKMARK [3][-]{subsubsection.4.2.2.4}{\376\377\0004\000.\0002\000.\0002\000.\0004\000\040\000V\000a\000r\000\050\000s\000t\000d\000:\000:\000s\000t\000r\000i\000n\000g\000\040\000v\000a\000l\000u\000e\000\051}{subsection.4.2.2}% 60
\BOOKMARK [3][-]{subsubsection.4.2.2.5}{\376\377\0004\000.\0002\000.\0002\000.\0005\000\040\000V\000a\000r\000\050\000b\000o\000o\000l\000\040\000v\000a\000l\000u\000e\000\051}{subsection.4.2.2}% 61
\BOOKMARK [3][-]{subsubsection.4.2.2.6}{\376\377\0004\000.\0002\000.\0002\000.\0006\000\040\000V\000a\000r\000\050\000s\000t\000d\000:\000:\000s\000t\000r\000i\000n\000g\000\040\000s\000t\000r\000n\000a\000m\000e\000,\000\040\000i\000n\000t\000\040\000v\000a\000l\000u\000e\000\051}{subsection.4.2.2}% 62
\BOOKMARK [3][-]{subsubsection.4.2.2.7}{\376\377\0004\000.\0002\000.\0002\000.\0007\000\040\000V\000a\000r\000\050\000s\000t\000d\000:\000:\000s\000t\000r\000i\000n\000g\000\040\000s\000t\000r\000n\000a\000m\000e\000,\000\040\000d\000o\000u\000b\000l\000e\000\040\000v\000a\000l\000u\000e\000\051}{subsection.4.2.2}% 63
\BOOKMARK [3][-]{subsubsection.4.2.2.8}{\376\377\0004\000.\0002\000.\0002\000.\0008\000\040\000V\000a\000r\000\050\000s\000t\000d\000:\000:\000s\000t\000r\000i\000n\000g\000\040\000s\000t\000r\000n\000a\000m\000e\000,\000\040\000s\000t\000d\000:\000:\000s\000t\000r\000i\000n\000g\000\040\000v\000a\000l\000u\000e\000\051}{subsection.4.2.2}% 64
\BOOKMARK [3][-]{subsubsection.4.2.2.9}{\376\377\0004\000.\0002\000.\0002\000.\0009\000\040\000V\000a\000r\000\050\000s\000t\000d\000:\000:\000s\000t\000r\000i\000n\000g\000\040\000s\000t\000r\000n\000a\000m\000e\000,\000\040\000b\000o\000o\000l\000\040\000v\000a\000l\000u\000e\000\051}{subsection.4.2.2}% 65
\BOOKMARK [3][-]{subsubsection.4.2.2.10}{\376\377\0004\000.\0002\000.\0002\000.\0001\0000\000\040\000V\000a\000r\000\050\000s\000t\000d\000:\000:\000s\000t\000r\000i\000n\000g\000\040\000s\000t\000r\000n\000a\000m\000e\000,\000\040\000s\000t\000d\000:\000:\000v\000e\000c\000t\000o\000r\000<\000\040\000i\000n\000t\000\040\000>\000\040\000s\000e\000t\000,\000\040\000i\000n\000t\000\040\000v\000a\000l\000u\000e\000=\0000\000\051}{subsection.4.2.2}% 66
\BOOKMARK [3][-]{subsubsection.4.2.2.11}{\376\377\0004\000.\0002\000.\0002\000.\0001\0001\000\040\000V\000a\000r\000\050\000s\000t\000d\000:\000:\000s\000t\000r\000i\000n\000g\000\040\000s\000t\000r\000n\000a\000m\000e\000,\000\040\000s\000t\000d\000:\000:\000v\000e\000c\000t\000o\000r\000<\000\040\000d\000o\000u\000b\000l\000e\000\040\000>\000\040\000s\000e\000t\000,\000\040\000i\000n\000t\000\040\000v\000a\000l\000u\000e\000=\0000\000\051}{subsection.4.2.2}% 67
\BOOKMARK [3][-]{subsubsection.4.2.2.12}{\376\377\0004\000.\0002\000.\0002\000.\0001\0002\000\040\000V\000a\000r\000\050\000s\000t\000d\000:\000:\000s\000t\000r\000i\000n\000g\000\040\000s\000t\000r\000n\000a\000m\000e\000,\000\040\000s\000t\000d\000:\000:\000v\000e\000c\000t\000o\000r\000<\000\040\000s\000t\000d\000:\000:\000s\000t\000r\000i\000n\000g\000\040\000>\000\040\000s\000e\000t\000,\000\040\000i\000n\000t\000\040\000v\000a\000l\000u\000e\000=\0000\000\051}{subsection.4.2.2}% 68
\BOOKMARK [2][-]{subsection.4.2.3}{\376\377\0004\000.\0002\000.\0003\000\040\000M\000e\000m\000b\000e\000r\000\040\000F\000u\000n\000c\000t\000i\000o\000n\000\040\000D\000o\000c\000u\000m\000e\000n\000t\000a\000t\000i\000o\000n}{section.4.2}% 69
\BOOKMARK [3][-]{subsubsection.4.2.3.1}{\376\377\0004\000.\0002\000.\0003\000.\0001\000\040\000o\000p\000e\000r\000a\000t\000o\000r\000=\000\050\000i\000n\000t\000\040\000v\000a\000l\000u\000e\000\051}{subsection.4.2.3}% 70
\BOOKMARK [3][-]{subsubsection.4.2.3.2}{\376\377\0004\000.\0002\000.\0003\000.\0002\000\040\000o\000p\000e\000r\000a\000t\000o\000r\000=\000\050\000d\000o\000u\000b\000l\000e\000\040\000v\000a\000l\000u\000e\000\051}{subsection.4.2.3}% 71
\BOOKMARK [3][-]{subsubsection.4.2.3.3}{\376\377\0004\000.\0002\000.\0003\000.\0003\000\040\000o\000p\000e\000r\000a\000t\000o\000r\000=\000\050\000s\000t\000d\000:\000:\000s\000t\000r\000i\000n\000g\000\040\000v\000a\000l\000u\000e\000\051}{subsection.4.2.3}% 72
\BOOKMARK [3][-]{subsubsection.4.2.3.4}{\376\377\0004\000.\0002\000.\0003\000.\0004\000\040\000o\000p\000e\000r\000a\000t\000o\000r\000=\000\050\000b\000o\000o\000l\000\040\000v\000a\000l\000u\000e\000\051}{subsection.4.2.3}% 73
\BOOKMARK [3][-]{subsubsection.4.2.3.5}{\376\377\0004\000.\0002\000.\0003\000.\0005\000\040\000S\000e\000t\000S\000e\000t\000\050\000s\000t\000d\000:\000:\000v\000e\000c\000t\000o\000r\000<\000\040\000i\000n\000t\000\040\000>\000\040\000s\000e\000t\000\051}{subsection.4.2.3}% 74
\BOOKMARK [3][-]{subsubsection.4.2.3.6}{\376\377\0004\000.\0002\000.\0003\000.\0006\000\040\000S\000e\000t\000S\000e\000t\000\050\000s\000t\000d\000:\000:\000v\000e\000c\000t\000o\000r\000<\000\040\000d\000o\000u\000b\000l\000e\000\040\000>\000\040\000s\000e\000t\000\051}{subsection.4.2.3}% 75
\BOOKMARK [3][-]{subsubsection.4.2.3.7}{\376\377\0004\000.\0002\000.\0003\000.\0007\000\040\000S\000e\000t\000S\000e\000t\000\050\000s\000t\000d\000:\000:\000v\000e\000c\000t\000o\000r\000<\000\040\000s\000t\000d\000:\000:\000s\000t\000r\000i\000n\000g\000\040\000>\000\040\000s\000e\000t\000\051}{subsection.4.2.3}% 76
\BOOKMARK [2][-]{subsection.4.2.4}{\376\377\0004\000.\0002\000.\0004\000\040\000M\000e\000m\000b\000e\000r\000\040\000D\000a\000t\000a\000\040\000D\000o\000c\000u\000m\000e\000n\000t\000a\000t\000i\000o\000n}{section.4.2}% 77
\BOOKMARK [3][-]{subsubsection.4.2.4.1}{\376\377\0004\000.\0002\000.\0004\000.\0001\000\040\000b\000o\000o\000l\000v\000a\000l\000u\000e}{subsection.4.2.4}% 78
\BOOKMARK [3][-]{subsubsection.4.2.4.2}{\376\377\0004\000.\0002\000.\0004\000.\0002\000\040\000d\000o\000u\000b\000l\000e\000s\000e\000t}{subsection.4.2.4}% 79
\BOOKMARK [3][-]{subsubsection.4.2.4.3}{\376\377\0004\000.\0002\000.\0004\000.\0003\000\040\000d\000o\000u\000b\000l\000e\000v\000a\000l\000u\000e}{subsection.4.2.4}% 80
\BOOKMARK [3][-]{subsubsection.4.2.4.4}{\376\377\0004\000.\0002\000.\0004\000.\0004\000\040\000h\000a\000s\000s\000e\000t}{subsection.4.2.4}% 81
\BOOKMARK [3][-]{subsubsection.4.2.4.5}{\376\377\0004\000.\0002\000.\0004\000.\0005\000\040\000i\000n\000t\000s\000e\000t}{subsection.4.2.4}% 82
\BOOKMARK [3][-]{subsubsection.4.2.4.6}{\376\377\0004\000.\0002\000.\0004\000.\0006\000\040\000i\000n\000t\000v\000a\000l\000u\000e}{subsection.4.2.4}% 83
\BOOKMARK [3][-]{subsubsection.4.2.4.7}{\376\377\0004\000.\0002\000.\0004\000.\0007\000\040\000n\000a\000m\000e}{subsection.4.2.4}% 84
\BOOKMARK [3][-]{subsubsection.4.2.4.8}{\376\377\0004\000.\0002\000.\0004\000.\0008\000\040\000s\000t\000r\000s\000e\000t}{subsection.4.2.4}% 85
\BOOKMARK [3][-]{subsubsection.4.2.4.9}{\376\377\0004\000.\0002\000.\0004\000.\0009\000\040\000s\000t\000r\000v\000a\000l\000u\000e}{subsection.4.2.4}% 86
\BOOKMARK [3][-]{subsubsection.4.2.4.10}{\376\377\0004\000.\0002\000.\0004\000.\0001\0000\000\040\000v\000a\000r\000t\000y\000p\000e}{subsection.4.2.4}% 87
\BOOKMARK [1][-]{section.4.3}{\376\377\0004\000.\0003\000\040\000o\000s\000t\000e\000n\000d\000o\000:\000:\000W\000i\000n\000d\000o\000w\000\040\000C\000l\000a\000s\000s\000\040\000R\000e\000f\000e\000r\000e\000n\000c\000e}{chapter.4}% 88
\BOOKMARK [2][-]{subsection.4.3.1}{\376\377\0004\000.\0003\000.\0001\000\040\000D\000e\000t\000a\000i\000l\000e\000d\000\040\000D\000e\000s\000c\000r\000i\000p\000t\000i\000o\000n}{section.4.3}% 89
\BOOKMARK [2][-]{subsection.4.3.2}{\376\377\0004\000.\0003\000.\0002\000\040\000C\000o\000n\000s\000t\000r\000u\000c\000t\000o\000r\000\040\000\046\000\040\000D\000e\000s\000t\000r\000u\000c\000t\000o\000r\000\040\000D\000o\000c\000u\000m\000e\000n\000t\000a\000t\000i\000o\000n}{section.4.3}% 90
\BOOKMARK [3][-]{subsubsection.4.3.2.1}{\376\377\0004\000.\0003\000.\0002\000.\0001\000\040\000W\000i\000n\000d\000o\000w\000\050\000\051}{subsection.4.3.2}% 91
\BOOKMARK [3][-]{subsubsection.4.3.2.2}{\376\377\0004\000.\0003\000.\0002\000.\0002\000\040\000W\000i\000n\000d\000o\000w\000\050\000i\000n\000t\000\040\000w\000i\000d\000t\000h\000,\000\040\000i\000n\000t\000\040\000h\000e\000i\000g\000h\000t\000\051}{subsection.4.3.2}% 92
\BOOKMARK [3][-]{subsubsection.4.3.2.3}{\376\377\0004\000.\0003\000.\0002\000.\0003\000\040\000W\000i\000n\000d\000o\000w\000\050\000d\000o\000u\000b\000l\000e\000\040\000w\000i\000d\000t\000h\000,\000\040\000d\000o\000u\000b\000l\000e\000\040\000h\000e\000i\000g\000h\000t\000\051}{subsection.4.3.2}% 93
\BOOKMARK [3][-]{subsubsection.4.3.2.4}{\376\377\0004\000.\0003\000.\0002\000.\0004\000\040\000W\000i\000n\000d\000o\000w\000\050\000i\000n\000t\000\040\000w\000i\000d\000t\000h\000,\000\040\000i\000n\000t\000\040\000h\000e\000i\000g\000h\000t\000,\000\040\000i\000n\000t\000\040\000p\000o\000s\000x\000,\000\040\000i\000n\000t\000\040\000p\000o\000s\000y\000\051}{subsection.4.3.2}% 94
\BOOKMARK [3][-]{subsubsection.4.3.2.5}{\376\377\0004\000.\0003\000.\0002\000.\0005\000\040\000W\000i\000n\000d\000o\000w\000\050\000i\000n\000t\000\040\000w\000i\000d\000t\000h\000,\000\040\000i\000n\000t\000\040\000h\000e\000i\000g\000h\000t\000,\000\040\000d\000o\000u\000b\000l\000e\000\040\000p\000o\000s\000x\000,\000\040\000d\000o\000u\000b\000l\000e\000\040\000p\000o\000s\000y\000\051}{subsection.4.3.2}% 95
\BOOKMARK [3][-]{subsubsection.4.3.2.6}{\376\377\0004\000.\0003\000.\0002\000.\0006\000\040\000W\000i\000n\000d\000o\000w\000\050\000d\000o\000u\000b\000l\000e\000\040\000w\000i\000d\000t\000h\000,\000\040\000d\000o\000u\000b\000l\000e\000\040\000h\000e\000i\000g\000h\000t\000,\000\040\000d\000o\000u\000b\000l\000e\000\040\000p\000o\000s\000x\000,\000\040\000d\000o\000u\000b\000l\000e\000\040\000p\000o\000s\000y\000\051}{subsection.4.3.2}% 96
\BOOKMARK [3][-]{subsubsection.4.3.2.7}{\376\377\0004\000.\0003\000.\0002\000.\0007\000\040\000W\000i\000n\000d\000o\000w\000\050\000d\000o\000u\000b\000l\000e\000\040\000w\000i\000d\000t\000h\000,\000\040\000d\000o\000u\000b\000l\000e\000\040\000h\000e\000i\000g\000h\000t\000,\000\040\000i\000n\000t\000\040\000p\000o\000s\000x\000,\000\040\000i\000n\000t\000\040\000p\000o\000s\000y\000\051}{subsection.4.3.2}% 97
\BOOKMARK [3][-]{subsubsection.4.3.2.8}{\376\377\0004\000.\0003\000.\0002\000.\0008\000\040\000W\000i\000n\000d\000o\000w\000\050\000P\000o\000s\000\040\000p\000o\000s\000\051}{subsection.4.3.2}% 98
\BOOKMARK [3][-]{subsubsection.4.3.2.9}{\376\377\0004\000.\0003\000.\0002\000.\0009\000\040\000W\000i\000n\000d\000o\000w\000\050\000c\000o\000n\000s\000t\000\040\000W\000i\000n\000d\000o\000w\000\040\000w\000i\000n\000\051}{subsection.4.3.2}% 99
\BOOKMARK [2][-]{subsection.4.3.3}{\376\377\0004\000.\0003\000.\0003\000\040\000M\000e\000m\000b\000e\000r\000\040\000F\000u\000n\000c\000t\000i\000o\000n\000\040\000D\000o\000c\000u\000m\000e\000n\000t\000a\000t\000i\000o\000n}{section.4.3}% 100
\BOOKMARK [3][-]{subsubsection.4.3.3.1}{\376\377\0004\000.\0003\000.\0003\000.\0001\000\040\000A\000t\000t\000r\000O\000f\000f\000\050\000i\000n\000t\000\040\000a\000t\000t\000r\000s\000\051}{subsection.4.3.3}% 101
\BOOKMARK [3][-]{subsubsection.4.3.3.2}{\376\377\0004\000.\0003\000.\0003\000.\0002\000\040\000A\000t\000t\000r\000O\000n\000\050\000i\000n\000t\000\040\000a\000t\000t\000r\000s\000\051}{subsection.4.3.3}% 102
\BOOKMARK [3][-]{subsubsection.4.3.3.3}{\376\377\0004\000.\0003\000.\0003\000.\0003\000\040\000C\000l\000e\000a\000r\000\050\000b\000o\000o\000l\000\040\000a\000l\000l\000=\000f\000a\000l\000s\000e\000\051}{subsection.4.3.3}% 103
\BOOKMARK [3][-]{subsubsection.4.3.3.4}{\376\377\0004\000.\0003\000.\0003\000.\0004\000\040\000C\000l\000e\000a\000r\000L\000i\000n\000e\000\050\000i\000n\000t\000\040\000l\000i\000n\000e\000=\000-\0001\000\051}{subsection.4.3.3}% 104
\BOOKMARK [3][-]{subsubsection.4.3.3.5}{\376\377\0004\000.\0003\000.\0003\000.\0005\000\040\000C\000o\000l\000o\000r\000O\000f\000f\000\050\000i\000n\000t\000\040\000a\000t\000t\000r\000s\000\051}{subsection.4.3.3}% 105
\BOOKMARK [3][-]{subsubsection.4.3.3.6}{\376\377\0004\000.\0003\000.\0003\000.\0006\000\040\000C\000o\000l\000o\000r\000O\000n\000\050\000i\000n\000t\000\040\000a\000t\000t\000r\000s\000\051}{subsection.4.3.3}% 106
\BOOKMARK [3][-]{subsubsection.4.3.3.7}{\376\377\0004\000.\0003\000.\0003\000.\0007\000\040\000N\000e\000w\000W\000i\000n\000d\000o\000w\000\050\000\051}{subsection.4.3.3}% 107
\BOOKMARK [3][-]{subsubsection.4.3.3.8}{\376\377\0004\000.\0003\000.\0003\000.\0008\000\040\000N\000e\000w\000W\000i\000n\000d\000o\000w\000\050\000i\000n\000t\000\040\000w\000i\000d\000t\000h\000,\000\040\000i\000n\000t\000\040\000h\000e\000i\000g\000h\000t\000\051}{subsection.4.3.3}% 108
\BOOKMARK [3][-]{subsubsection.4.3.3.9}{\376\377\0004\000.\0003\000.\0003\000.\0009\000\040\000N\000e\000w\000W\000i\000n\000d\000o\000w\000\050\000d\000o\000u\000b\000l\000e\000\040\000w\000i\000d\000t\000h\000,\000\040\000d\000o\000u\000b\000l\000e\000\040\000h\000e\000i\000g\000h\000t\000\051}{subsection.4.3.3}% 109
\BOOKMARK [3][-]{subsubsection.4.3.3.10}{\376\377\0004\000.\0003\000.\0003\000.\0001\0000\000\040\000N\000e\000w\000W\000i\000n\000d\000o\000w\000\050\000i\000n\000t\000\040\000w\000i\000d\000t\000h\000,\000\040\000i\000n\000t\000\040\000h\000e\000i\000g\000h\000t\000,\000\040\000i\000n\000t\000\040\000p\000o\000s\000x\000,\000\040\000i\000n\000t\000\040\000p\000o\000s\000y\000\051}{subsection.4.3.3}% 110
\BOOKMARK [3][-]{subsubsection.4.3.3.11}{\376\377\0004\000.\0003\000.\0003\000.\0001\0001\000\040\000N\000e\000w\000W\000i\000n\000d\000o\000w\000\050\000i\000n\000t\000\040\000w\000i\000d\000t\000h\000,\000\040\000i\000n\000t\000\040\000h\000e\000i\000g\000h\000t\000,\000\040\000d\000o\000u\000b\000l\000e\000\040\000p\000o\000s\000x\000,\000\040\000d\000o\000u\000b\000l\000e\000\040\000p\000o\000s\000y\000\051}{subsection.4.3.3}% 111
\BOOKMARK [3][-]{subsubsection.4.3.3.12}{\376\377\0004\000.\0003\000.\0003\000.\0001\0002\000\040\000N\000e\000w\000W\000i\000n\000d\000o\000w\000\050\000d\000o\000u\000b\000l\000e\000\040\000w\000i\000d\000t\000h\000,\000\040\000d\000o\000u\000b\000l\000e\000\040\000h\000e\000i\000g\000h\000t\000,\000\040\000d\000o\000u\000b\000l\000e\000\040\000p\000o\000s\000x\000,\000\040\000d\000o\000u\000b\000l\000e\000\040\000p\000o\000s\000y\000\051}{subsection.4.3.3}% 112
\BOOKMARK [3][-]{subsubsection.4.3.3.13}{\376\377\0004\000.\0003\000.\0003\000.\0001\0003\000\040\000N\000e\000w\000W\000i\000n\000d\000o\000w\000\050\000d\000o\000u\000b\000l\000e\000\040\000w\000i\000d\000t\000h\000,\000\040\000d\000o\000u\000b\000l\000e\000\040\000h\000e\000i\000g\000h\000t\000,\000\040\000i\000n\000t\000\040\000p\000o\000s\000x\000,\000\040\000i\000n\000t\000\040\000p\000o\000s\000y\000\051}{subsection.4.3.3}% 113
\BOOKMARK [3][-]{subsubsection.4.3.3.14}{\376\377\0004\000.\0003\000.\0003\000.\0001\0004\000\040\000o\000p\000e\000r\000a\000t\000o\000r\000\050\000\051\000\050\000\051}{subsection.4.3.3}% 114
\BOOKMARK [3][-]{subsubsection.4.3.3.15}{\376\377\0004\000.\0003\000.\0003\000.\0001\0005\000\040\000P\000r\000i\000n\000t\000\050\000s\000t\000d\000:\000:\000s\000t\000r\000i\000n\000g\000\040\000s\000t\000r\000,\000.\000.\000.\000\051}{subsection.4.3.3}% 115
\BOOKMARK [3][-]{subsubsection.4.3.3.16}{\376\377\0004\000.\0003\000.\0003\000.\0001\0006\000\040\000S\000e\000t\000A\000u\000t\000o\000U\000p\000d\000a\000t\000e\000\050\000b\000o\000o\000l\000\040\000s\000e\000t\000t\000i\000n\000g\000=\000t\000r\000u\000e\000\051}{subsection.4.3.3}% 116
\BOOKMARK [3][-]{subsubsection.4.3.3.17}{\376\377\0004\000.\0003\000.\0003\000.\0001\0007\000\040\000S\000e\000t\000C\000o\000l\000o\000r\000\050\000i\000n\000t\000\040\000c\000o\000l\000o\000r\000,\000\040\000i\000n\000t\000\040\000v\000a\000l\000u\000e\000\051}{subsection.4.3.3}% 117
\BOOKMARK [3][-]{subsubsection.4.3.3.18}{\376\377\0004\000.\0003\000.\0003\000.\0001\0008\000\040\000S\000e\000t\000C\000u\000r\000s\000\050\000i\000n\000t\000\040\000y\000=\000-\0001\000,\000\040\000i\000n\000t\000\040\000x\000=\000-\0001\000\051}{subsection.4.3.3}% 118
\BOOKMARK [3][-]{subsubsection.4.3.3.19}{\376\377\0004\000.\0003\000.\0003\000.\0001\0009\000\040\000T\000o\000g\000g\000l\000e\000B\000o\000r\000d\000e\000r\000\050\000\051}{subsection.4.3.3}% 119
\BOOKMARK [3][-]{subsubsection.4.3.3.20}{\376\377\0004\000.\0003\000.\0003\000.\0002\0000\000\040\000T\000o\000g\000g\000l\000e\000S\000c\000r\000o\000l\000l\000\050\000\051}{subsection.4.3.3}% 120
\BOOKMARK [3][-]{subsubsection.4.3.3.21}{\376\377\0004\000.\0003\000.\0003\000.\0002\0001\000\040\000T\000o\000g\000g\000l\000e\000T\000i\000t\000l\000e\000\050\000s\000t\000d\000:\000:\000s\000t\000r\000i\000n\000g\000\040\000s\000e\000t\000t\000i\000n\000g\000=\000"\000"\000\051}{subsection.4.3.3}% 121
\BOOKMARK [3][-]{subsubsection.4.3.3.22}{\376\377\0004\000.\0003\000.\0003\000.\0002\0002\000\040\000U\000p\000d\000a\000t\000e\000\050\000\051}{subsection.4.3.3}% 122
\BOOKMARK [2][-]{subsection.4.3.4}{\376\377\0004\000.\0003\000.\0004\000\040\000M\000e\000m\000b\000e\000r\000\040\000D\000a\000t\000a\000\040\000D\000o\000c\000u\000m\000e\000n\000t\000a\000t\000i\000o\000n}{section.4.3}% 123
\BOOKMARK [3][-]{subsubsection.4.3.4.1}{\376\377\0004\000.\0003\000.\0004\000.\0001\000\040\000w\000i\000n\000d\000o\000w\000s\000p\000a\000c\000e}{subsection.4.3.4}% 124
\BOOKMARK [0][-]{section*.12}{\376\377\000I\000n\000d\000e\000x}{}% 125
